# JRE version: 6.0_30-b30
# Java VM: OpenJDK 64-Bit Server VM (23.25-b01 mixed mode linux-amd64 compressed oops)
Heap
 PSYoungGen      total 6656K, used 3480K [0x00000007cbf60000, 0x00000007cc660000, 0x0000000800000000)
  eden space 6144K, 48% used [0x00000007cbf60000,0x00000007cc24da28,0x00000007cc560000)
  from space 512K, 94% used [0x00000007cc5e0000,0x00000007cc658830,0x00000007cc660000)
  to   space 512K, 0% used [0x00000007cc560000,0x00000007cc560000,0x00000007cc5e0000)
 ParOldGen       total 5504K, used 1135K [0x0000000763e00000, 0x0000000764360000, 0x00000007cbf60000)
  object space 5504K, 20% used [0x0000000763e00000,0x0000000763f1bf10,0x0000000764360000)
 PSPermGen       total 21248K, used 10206K [0x0000000759800000, 0x000000075acc0000, 0x0000000763e00000)
  object space 21248K, 48% used [0x0000000759800000,0x000000075a1f7820,0x000000075acc0000)
GC Heap History (4 events):
Event: 0.557 GC heap before
{Heap before GC invocations=1 (full 0):
 PSYoungGen      total 3584K, used 3072K [0x00000007cbf60000, 0x00000007cc360000, 0x0000000800000000)
  eden space 3072K, 100% used [0x00000007cbf60000,0x00000007cc260000,0x00000007cc260000)
  from space 512K, 0% used [0x00000007cc2e0000,0x00000007cc2e0000,0x00000007cc360000)
  to   space 512K, 0% used [0x00000007cc260000,0x00000007cc260000,0x00000007cc2e0000)
 ParOldGen       total 5504K, used 0K [0x0000000763e00000, 0x0000000764360000, 0x00000007cbf60000)
  object space 5504K, 0% used [0x0000000763e00000,0x0000000763e00000,0x0000000764360000)
 PSPermGen       total 21248K, used 8941K [0x0000000759800000, 0x000000075acc0000, 0x0000000763e00000)
  object space 21248K, 42% used [0x0000000759800000,0x000000075a0bb710,0x000000075acc0000)
Event: 0.575 GC heap after
Heap after GC invocations=1 (full 0):
 PSYoungGen      total 3584K, used 498K [0x00000007cbf60000, 0x00000007cc660000, 0x0000000800000000)
  eden space 3072K, 0% used [0x00000007cbf60000,0x00000007cbf60000,0x00000007cc260000)
  from space 512K, 97% used [0x00000007cc260000,0x00000007cc2dc820,0x00000007cc2e0000)
  to   space 512K, 0% used [0x00000007cc5e0000,0x00000007cc5e0000,0x00000007cc660000)
 ParOldGen       total 5504K, used 598K [0x0000000763e00000, 0x0000000764360000, 0x00000007cbf60000)
  object space 5504K, 10% used [0x0000000763e00000,0x0000000763e959d0,0x0000000764360000)
 PSPermGen       total 21248K, used 8941K [0x0000000759800000, 0x000000075acc0000, 0x0000000763e00000)
  object space 21248K, 42% used [0x0000000759800000,0x000000075a0bb710,0x000000075acc0000)
}
Event: 0.798 GC heap before
{Heap before GC invocations=2 (full 0):
 PSYoungGen      total 3584K, used 3567K [0x00000007cbf60000, 0x00000007cc660000, 0x0000000800000000)
  eden space 3072K, 99% used [0x00000007cbf60000,0x00000007cc25f5e8,0x00000007cc260000)
  from space 512K, 97% used [0x00000007cc260000,0x00000007cc2dc820,0x00000007cc2e0000)
  to   space 512K, 0% used [0x00000007cc5e0000,0x00000007cc5e0000,0x00000007cc660000)
 ParOldGen       total 5504K, used 598K [0x0000000763e00000, 0x0000000764360000, 0x00000007cbf60000)
  object space 5504K, 10% used [0x0000000763e00000,0x0000000763e959d0,0x0000000764360000)
 PSPermGen       total 21248K, used 9120K [0x0000000759800000, 0x000000075acc0000, 0x0000000763e00000)
  object space 21248K, 42% used [0x0000000759800000,0x000000075a0e82c8,0x000000075acc0000)
Event: 0.804 GC heap after
Heap after GC invocations=2 (full 0):
 PSYoungGen      total 6656K, used 482K [0x00000007cbf60000, 0x00000007cc660000, 0x0000000800000000)
  eden space 6144K, 0% used [0x00000007cbf60000,0x00000007cbf60000,0x00000007cc560000)
  from space 512K, 94% used [0x00000007cc5e0000,0x00000007cc658830,0x00000007cc660000)
  to   space 512K, 0% used [0x00000007cc560000,0x00000007cc560000,0x00000007cc5e0000)
 ParOldGen       total 5504K, used 1135K [0x0000000763e00000, 0x0000000764360000, 0x00000007cbf60000)
  object space 5504K, 20% used [0x0000000763e00000,0x0000000763f1bf10,0x0000000764360000)
 PSPermGen       total 21248K, used 9120K [0x0000000759800000, 0x000000075acc0000, 0x0000000763e00000)
  object space 21248K, 42% used [0x0000000759800000,0x000000075a0e82c8,0x000000075acc0000)
}

